2025-04-03 14:45:22.209 [info] [main] Log level: Info
2025-04-03 14:45:22.209 [info] [main] Validating found git in: "git"
2025-04-03 14:45:22.209 [info] [main] Using git "2.49.0" from "git"
2025-04-03 14:45:22.209 [info] [Model][doInitialScan] Initial repository scan started
2025-04-03 14:45:22.209 [info] > git rev-parse --show-toplevel [4ms]
2025-04-03 14:45:22.209 [info] > git rev-parse --git-dir --git-common-dir [2ms]
2025-04-03 14:45:22.209 [info] [Model][openRepository] Opened repository: /home/noahthebonner/projects/NordCloud_Hackathon
2025-04-03 14:45:22.209 [info] > git rev-parse --show-toplevel [4ms]
2025-04-03 14:45:22.209 [info] > git config --get commit.template [8ms]
2025-04-03 14:45:22.210 [info] > git rev-parse --show-toplevel [16ms]
2025-04-03 14:45:22.211 [info] [Model][doInitialScan] Initial repository scan completed - repositories (1), closed repositories (0), parent repositories (0), unsafe repositories (0)
2025-04-03 14:45:22.229 [info] > git for-each-ref --format=%(refname)%00%(upstream:short)%00%(objectname)%00%(upstream:track)%00%(upstream:remotename)%00%(upstream:remoteref) refs/heads/main refs/remotes/main [20ms]
2025-04-03 14:45:22.237 [info] > git status -z -uall [4ms]
2025-04-03 14:45:22.238 [info] > git for-each-ref --sort -committerdate --format %(refname) %(objectname) %(*objectname) [1ms]
2025-04-03 14:45:22.258 [info] > git for-each-ref --format=%(refname)%00%(upstream:short)%00%(objectname)%00%(upstream:track)%00%(upstream:remotename)%00%(upstream:remoteref) refs/heads/main refs/remotes/main [6ms]
2025-04-03 14:45:22.264 [info] > git config --get --local branch.main.vscode-merge-base [1ms]
2025-04-03 14:45:22.268 [info] > git config --get commit.template [11ms]
2025-04-03 14:45:22.270 [info] > git for-each-ref --format=%(refname)%00%(upstream:short)%00%(objectname)%00%(upstream:track)%00%(upstream:remotename)%00%(upstream:remoteref) refs/heads/origin/main refs/remotes/origin/main [1ms]
2025-04-03 14:45:22.318 [info] > git for-each-ref --format=%(refname)%00%(upstream:short)%00%(objectname)%00%(upstream:track)%00%(upstream:remotename)%00%(upstream:remoteref) refs/heads/main refs/remotes/main [39ms]
2025-04-03 14:45:22.318 [info] > git merge-base refs/heads/main refs/remotes/origin/main [42ms]
2025-04-03 14:45:22.324 [info] > git diff --name-status -z --diff-filter=ADMR 34ccda9d6adf5a3c2bf644bc3bb6a7fa9d1e772a...refs/remotes/origin/main [3ms]
2025-04-03 14:45:22.331 [info] > git status -z -uall [3ms]
2025-04-03 14:45:22.332 [info] > git for-each-ref --sort -committerdate --format %(refname) %(objectname) %(*objectname) [1ms]
2025-04-03 14:45:22.421 [info] > git show --textconv :manager.py [3ms]
2025-04-03 14:45:22.422 [info] > git ls-files --stage -- manager.py [2ms]
2025-04-03 14:45:22.426 [info] > git cat-file -s 15b19e62e0ed35077a8b8aa190a1ab5cd6fdb0cc [1ms]
2025-04-03 14:45:22.702 [info] > git check-ignore -v -z --stdin [1ms]
