2025-04-03 14:06:21.979 [info] [main] Log level: Info
2025-04-03 14:06:21.979 [info] [main] Validating found git in: "git"
2025-04-03 14:06:21.979 [info] [main] Using git "2.49.0" from "git"
2025-04-03 14:06:21.979 [info] [Model][doInitialScan] Initial repository scan started
2025-04-03 14:06:21.979 [info] > git rev-parse --show-toplevel [3ms]
2025-04-03 14:06:21.980 [info] > git rev-parse --git-dir --git-common-dir [1ms]
2025-04-03 14:06:21.989 [info] [Model][openRepository] Opened repository: /home/noahthebonner/projects/NordCloud_Hackathon
2025-04-03 14:06:21.990 [info] [Model][doInitialScan] Initial repository scan completed - repositories (1), closed repositories (0), parent repositories (0), unsafe repositories (0)
2025-04-03 14:06:22.011 [info] > git config --get commit.template [7ms]
2025-04-03 14:06:22.045 [info] > git for-each-ref --format=%(refname)%00%(upstream:short)%00%(objectname)%00%(upstream:track)%00%(upstream:remotename)%00%(upstream:remoteref) refs/heads/main refs/remotes/main [12ms]
2025-04-03 14:06:22.057 [info] > git status -z -uall [6ms]
2025-04-03 14:06:22.058 [info] > git for-each-ref --sort -committerdate --format %(refname) %(objectname) %(*objectname) [1ms]
2025-04-03 14:06:22.078 [info] > git for-each-ref --format=%(refname)%00%(upstream:short)%00%(objectname)%00%(upstream:track)%00%(upstream:remotename)%00%(upstream:remoteref) refs/heads/main refs/remotes/main [5ms]
2025-04-03 14:06:22.089 [info] > git config --get --local branch.main.vscode-merge-base [6ms]
2025-04-03 14:06:22.089 [warning] [Git][config] git config failed: Failed to execute git
2025-04-03 14:06:22.093 [info] > git config --get commit.template [15ms]
2025-04-03 14:06:22.133 [info] > git reflog main --grep-reflog=branch: Created from *. [40ms]
2025-04-03 14:06:22.139 [info] > git symbolic-ref --short refs/remotes/origin/HEAD [3ms]
2025-04-03 14:06:22.143 [info] > git for-each-ref --format=%(refname)%00%(upstream:short)%00%(objectname)%00%(upstream:track)%00%(upstream:remotename)%00%(upstream:remoteref) refs/heads/main refs/remotes/main [11ms]
2025-04-03 14:06:22.144 [info] > git for-each-ref --format=%(refname)%00%(upstream:short)%00%(objectname)%00%(upstream:track)%00%(upstream:remotename)%00%(upstream:remoteref) refs/heads/origin/main refs/remotes/origin/main [1ms]
2025-04-03 14:06:22.159 [info] > git status -z -uall [7ms]
2025-04-03 14:06:22.159 [info] > git for-each-ref --sort -committerdate --format %(refname) %(objectname) %(*objectname) [2ms]
2025-04-03 14:06:22.164 [info] > git config --add --local branch.main.vscode-merge-base origin/main [16ms]
2025-04-03 14:06:22.169 [info] > git for-each-ref --format=%(refname)%00%(upstream:short)%00%(objectname)%00%(upstream:track)%00%(upstream:remotename)%00%(upstream:remoteref) refs/heads/main refs/remotes/main [5ms]
2025-04-03 14:06:22.176 [info] > git config --get --local branch.main.vscode-merge-base [2ms]
2025-04-03 14:06:22.179 [info] > git config --get commit.template [11ms]
2025-04-03 14:06:22.188 [info] > git for-each-ref --format=%(refname)%00%(upstream:short)%00%(objectname)%00%(upstream:track)%00%(upstream:remotename)%00%(upstream:remoteref) refs/heads/origin/main refs/remotes/origin/main [8ms]
2025-04-03 14:06:22.196 [info] > git merge-base refs/heads/main refs/remotes/origin/main [3ms]
2025-04-03 14:06:22.200 [info] > git for-each-ref --format=%(refname)%00%(upstream:short)%00%(objectname)%00%(upstream:track)%00%(upstream:remotename)%00%(upstream:remoteref) refs/heads/main refs/remotes/main [14ms]
2025-04-03 14:06:22.209 [info] > git status -z -uall [4ms]
2025-04-03 14:06:22.209 [info] > git diff --name-status -z --diff-filter=ADMR 4b5e5c7a61445f47c5a919148498a42c863954e8...refs/remotes/origin/main [9ms]
2025-04-03 14:06:22.210 [info] > git for-each-ref --sort -committerdate --format %(refname) %(objectname) %(*objectname) [2ms]
2025-04-03 14:06:22.519 [info] > git check-ignore -v -z --stdin [1ms]
2025-04-03 14:06:23.283 [info] > git config --get commit.template [3ms]
2025-04-03 14:06:23.284 [info] > git for-each-ref --format=%(refname)%00%(upstream:short)%00%(objectname)%00%(upstream:track)%00%(upstream:remotename)%00%(upstream:remoteref) refs/heads/main refs/remotes/main [1ms]
2025-04-03 14:06:23.291 [info] > git status -z -uall [3ms]
2025-04-03 14:06:23.291 [info] > git for-each-ref --sort -committerdate --format %(refname) %(objectname) %(*objectname) [0ms]
2025-04-03 14:06:23.679 [info] > git show --textconv :.gitignore [5ms]
2025-04-03 14:06:23.680 [info] > git ls-files --stage -- .gitignore [2ms]
2025-04-03 14:06:23.685 [info] > git cat-file -s eba74f4cd2e2acfb1470300d69b58d8cff458c68 [1ms]
2025-04-03 14:06:24.516 [info] > git show --textconv :manager.py [3ms]
2025-04-03 14:06:24.516 [info] > git ls-files --stage -- manager.py [1ms]
2025-04-03 14:06:24.521 [info] > git cat-file -s 15b19e62e0ed35077a8b8aa190a1ab5cd6fdb0cc [1ms]
2025-04-03 14:06:26.294 [info] > git show --textconv :Readme.md [5ms]
2025-04-03 14:06:26.295 [info] > git ls-files --stage -- Readme.md [2ms]
2025-04-03 14:06:26.300 [info] > git cat-file -s 5570c7ff58e717dad46ce7b0691ccf2bdb55f187 [1ms]
2025-04-03 14:06:26.988 [info] > git show --textconv :requirements.txt [3ms]
2025-04-03 14:06:26.989 [info] > git ls-files --stage -- requirements.txt [1ms]
2025-04-03 14:06:26.992 [info] > git cat-file -s bf018d6085ab6f6447a8c271f3f63678d3bd99d0 [1ms]
2025-04-03 14:06:30.164 [info] > git show --textconv :manager.py [5ms]
2025-04-03 14:06:30.164 [info] > git ls-files --stage -- manager.py [2ms]
2025-04-03 14:06:30.169 [info] > git cat-file -s 15b19e62e0ed35077a8b8aa190a1ab5cd6fdb0cc [1ms]
2025-04-03 14:06:46.797 [info] > git show --textconv :manager.py [4ms]
2025-04-03 14:06:46.798 [info] > git ls-files --stage -- manager.py [1ms]
2025-04-03 14:06:46.803 [info] > git cat-file -s 15b19e62e0ed35077a8b8aa190a1ab5cd6fdb0cc [1ms]
2025-04-03 14:06:47.251 [info] > git show --textconv :requirements.txt [4ms]
2025-04-03 14:06:47.251 [info] > git ls-files --stage -- requirements.txt [1ms]
2025-04-03 14:06:47.255 [info] > git cat-file -s bf018d6085ab6f6447a8c271f3f63678d3bd99d0 [0ms]
2025-04-03 14:06:48.112 [info] > git show --textconv :Readme.md [4ms]
2025-04-03 14:06:48.113 [info] > git ls-files --stage -- Readme.md [1ms]
2025-04-03 14:06:48.118 [info] > git cat-file -s 5570c7ff58e717dad46ce7b0691ccf2bdb55f187 [0ms]
2025-04-03 14:06:48.635 [info] > git show --textconv :manager.py [5ms]
2025-04-03 14:06:48.636 [info] > git ls-files --stage -- manager.py [1ms]
2025-04-03 14:06:48.639 [info] > git cat-file -s 15b19e62e0ed35077a8b8aa190a1ab5cd6fdb0cc [0ms]
2025-04-03 14:06:50.736 [info] > git config --get commit.template [1ms]
2025-04-03 14:06:50.740 [info] > git for-each-ref --format=%(refname)%00%(upstream:short)%00%(objectname)%00%(upstream:track)%00%(upstream:remotename)%00%(upstream:remoteref) refs/heads/main refs/remotes/main [1ms]
2025-04-03 14:06:50.748 [info] > git status -z -uall [4ms]
2025-04-03 14:06:50.749 [info] > git for-each-ref --sort -committerdate --format %(refname) %(objectname) %(*objectname) [1ms]
2025-04-03 14:08:09.722 [info] > git config --get commit.template [4ms]
2025-04-03 14:08:09.722 [info] > git for-each-ref --format=%(refname)%00%(upstream:short)%00%(objectname)%00%(upstream:track)%00%(upstream:remotename)%00%(upstream:remoteref) refs/heads/main refs/remotes/main [1ms]
2025-04-03 14:08:09.729 [info] > git status -z -uall [4ms]
2025-04-03 14:08:09.729 [info] > git for-each-ref --sort -committerdate --format %(refname) %(objectname) %(*objectname) [0ms]
2025-04-03 14:08:09.817 [info] > git ls-files --stage -- manager.py [1ms]
2025-04-03 14:08:09.821 [info] > git cat-file -s 15b19e62e0ed35077a8b8aa190a1ab5cd6fdb0cc [1ms]
2025-04-03 14:08:09.825 [info] > git show --textconv :manager.py [1ms]
2025-04-03 14:08:14.323 [info] > git check-ignore -v -z --stdin [1ms]
2025-04-03 14:08:14.740 [info] > git config --get commit.template [4ms]
2025-04-03 14:08:14.740 [info] > git for-each-ref --format=%(refname)%00%(upstream:short)%00%(objectname)%00%(upstream:track)%00%(upstream:remotename)%00%(upstream:remoteref) refs/heads/main refs/remotes/main [1ms]
2025-04-03 14:08:14.750 [info] > git status -z -uall [6ms]
2025-04-03 14:08:14.751 [info] > git for-each-ref --sort -committerdate --format %(refname) %(objectname) %(*objectname) [1ms]
2025-04-03 14:08:16.435 [info] > git check-ignore -v -z --stdin [1ms]
2025-04-03 14:08:17.545 [info] > git check-ignore -v -z --stdin [2ms]
2025-04-03 14:08:18.340 [info] > git check-ignore -v -z --stdin [0ms]
2025-04-03 14:08:19.763 [info] > git config --get commit.template [4ms]
2025-04-03 14:08:19.764 [info] > git for-each-ref --format=%(refname)%00%(upstream:short)%00%(objectname)%00%(upstream:track)%00%(upstream:remotename)%00%(upstream:remoteref) refs/heads/main refs/remotes/main [1ms]
2025-04-03 14:08:19.771 [info] > git status -z -uall [4ms]
2025-04-03 14:08:19.771 [info] > git for-each-ref --sort -committerdate --format %(refname) %(objectname) %(*objectname) [0ms]
2025-04-03 14:11:08.515 [info] > git log --format=%H%n%aN%n%aE%n%at%n%ct%n%P%n%D%n%B -z --shortstat --diff-merges=first-parent -n50 --skip=0 --topo-order --decorate=full --stdin [2ms]
2025-04-03 14:11:19.347 [info] > git log --format=%H%n%aN%n%aE%n%at%n%ct%n%P%n%D%n%B -z --shortstat --diff-merges=first-parent -n50 --skip=0 --topo-order --decorate=full --stdin [1ms]
2025-04-03 14:11:21.118 [info] > git log --format=%H%n%aN%n%aE%n%at%n%ct%n%P%n%D%n%B -z --shortstat --diff-merges=first-parent -n50 --skip=0 --topo-order --decorate=full --stdin [2ms]
2025-04-03 14:11:21.721 [info] > git log --format=%H%n%aN%n%aE%n%at%n%ct%n%P%n%D%n%B -z --shortstat --diff-merges=first-parent -n50 --skip=0 --topo-order --decorate=full --stdin [1ms]
2025-04-03 14:11:22.711 [info] > git log --format=%H%n%aN%n%aE%n%at%n%ct%n%P%n%D%n%B -z --shortstat --diff-merges=first-parent -n50 --skip=0 --topo-order --decorate=full --stdin [2ms]
2025-04-03 14:11:25.062 [info] > git config --get commit.template [3ms]
2025-04-03 14:11:25.062 [info] > git for-each-ref --format=%(refname)%00%(upstream:short)%00%(objectname)%00%(upstream:track)%00%(upstream:remotename)%00%(upstream:remoteref) refs/heads/main refs/remotes/main [1ms]
2025-04-03 14:11:25.071 [info] > git status -z -uall [5ms]
2025-04-03 14:11:25.071 [info] > git for-each-ref --sort -committerdate --format %(refname) %(objectname) %(*objectname) [2ms]
2025-04-03 14:11:27.578 [info] > git log --format=%H%n%aN%n%aE%n%at%n%ct%n%P%n%D%n%B -z --shortstat --diff-merges=first-parent -n50 --skip=0 --topo-order --decorate=full --stdin [4ms]
2025-04-03 14:11:28.488 [info] > git config --get commit.template [1ms]
2025-04-03 14:11:28.493 [info] > git for-each-ref --format=%(refname)%00%(upstream:short)%00%(objectname)%00%(upstream:track)%00%(upstream:remotename)%00%(upstream:remoteref) refs/heads/main refs/remotes/main [1ms]
2025-04-03 14:11:28.501 [info] > git status -z -uall [3ms]
2025-04-03 14:11:28.502 [info] > git for-each-ref --sort -committerdate --format %(refname) %(objectname) %(*objectname) [1ms]
2025-04-03 14:11:34.239 [info] > git fetch [710ms]
2025-04-03 14:11:34.239 [info] From https://github.com/Anujrathee7/NordCloud_Hackathon
   4b5e5c7..34ccda9  main            -> origin/main
   de40b04..956b511  text_extraction -> origin/text_extraction
2025-04-03 14:11:34.246 [info] > git config --get commit.template [3ms]
2025-04-03 14:11:34.247 [info] > git for-each-ref --format=%(refname)%00%(upstream:short)%00%(objectname)%00%(upstream:track)%00%(upstream:remotename)%00%(upstream:remoteref) refs/heads/main refs/remotes/main [1ms]
2025-04-03 14:11:34.256 [info] > git status -z -uall [5ms]
2025-04-03 14:11:34.257 [info] > git for-each-ref --sort -committerdate --format %(refname) %(objectname) %(*objectname) [1ms]
2025-04-03 14:11:34.264 [info] > git merge-base refs/heads/main refs/remotes/origin/main [1ms]
2025-04-03 14:11:34.270 [info] > git diff --name-status -z --diff-filter=ADMR 4b5e5c7a61445f47c5a919148498a42c863954e8...refs/remotes/origin/main [1ms]
2025-04-03 14:11:34.279 [info] > git log --format=%H%n%aN%n%aE%n%at%n%ct%n%P%n%D%n%B -z --shortstat --diff-merges=first-parent -n50 --skip=0 --topo-order --decorate=full --stdin [3ms]
2025-04-03 14:11:35.331 [info] > git config --get commit.template [2ms]
2025-04-03 14:11:35.338 [info] > git for-each-ref --format=%(refname)%00%(upstream:short)%00%(objectname)%00%(upstream:track)%00%(upstream:remotename)%00%(upstream:remoteref) refs/heads/main refs/remotes/main [1ms]
2025-04-03 14:11:35.346 [info] > git status -z -uall [4ms]
2025-04-03 14:11:35.346 [info] > git for-each-ref --sort -committerdate --format %(refname) %(objectname) %(*objectname) [1ms]
2025-04-03 14:11:35.425 [info] > git ls-files --stage -- manager.py [1ms]
2025-04-03 14:11:35.429 [info] > git cat-file -s 15b19e62e0ed35077a8b8aa190a1ab5cd6fdb0cc [1ms]
2025-04-03 14:11:35.435 [info] > git show --textconv :manager.py [1ms]
2025-04-03 14:11:40.690 [info] > git log --oneline --cherry main...main@{upstream} -- [1ms]
2025-04-03 14:11:41.079 [info] > git pull --tags origin main [383ms]
2025-04-03 14:11:41.079 [info] From https://github.com/Anujrathee7/NordCloud_Hackathon
 * branch            main       -> FETCH_HEAD
2025-04-03 14:11:41.087 [info] > git config --get commit.template [4ms]
2025-04-03 14:11:41.087 [info] > git for-each-ref --format=%(refname)%00%(upstream:short)%00%(objectname)%00%(upstream:track)%00%(upstream:remotename)%00%(upstream:remoteref) refs/heads/main refs/remotes/main [1ms]
2025-04-03 14:11:41.094 [info] > git status -z -uall [4ms]
2025-04-03 14:11:41.095 [info] > git for-each-ref --sort -committerdate --format %(refname) %(objectname) %(*objectname) [2ms]
2025-04-03 14:11:41.104 [info] > git merge-base refs/heads/main refs/remotes/origin/main [1ms]
2025-04-03 14:11:41.113 [info] > git diff --name-status -z --diff-filter=ADMR 34ccda9d6adf5a3c2bf644bc3bb6a7fa9d1e772a...refs/remotes/origin/main [6ms]
2025-04-03 14:11:41.115 [info] > git log --format=%H%n%aN%n%aE%n%at%n%ct%n%P%n%D%n%B -z --shortstat --diff-merges=first-parent -n50 --skip=0 --topo-order --decorate=full --stdin [3ms]
2025-04-03 14:11:42.227 [info] > git config --get commit.template [9ms]
2025-04-03 14:11:42.227 [info] > git for-each-ref --format=%(refname)%00%(upstream:short)%00%(objectname)%00%(upstream:track)%00%(upstream:remotename)%00%(upstream:remoteref) refs/heads/main refs/remotes/main [2ms]
2025-04-03 14:11:42.241 [info] > git status -z -uall [6ms]
2025-04-03 14:11:42.242 [info] > git for-each-ref --sort -committerdate --format %(refname) %(objectname) %(*objectname) [1ms]
2025-04-03 14:11:42.323 [info] > git ls-files --stage -- manager.py [2ms]
2025-04-03 14:11:42.335 [info] > git cat-file -s 15b19e62e0ed35077a8b8aa190a1ab5cd6fdb0cc [2ms]
2025-04-03 14:11:42.341 [info] > git show --textconv :manager.py [0ms]
2025-04-03 14:11:44.473 [info] > git check-ignore -v -z --stdin [1ms]
