Mono path[0] = '/home/noahthebonner/.local/share/Steam/steamapps/common/Haste Broken Worlds Demo/Haste_Data/Managed'
Mono config path = '/home/noahthebonner/.local/share/Steam/steamapps/common/Haste Broken Worlds Demo/Haste_Data/MonoBleedingEdge/etc'
Preloaded 'lib_burst_generated.so'
Preloaded 'libpreloader.so'
Preloaded 'libsteam_api.so'
Display 0 'eDP-1 14"': 1920x1080 (primary device).
[PhysX] Initialized MultithreadedTaskDispatcher with 8 workers.
Unable to load player prefs
[S_API] SteamAPI_Init(): Loaded '/home/noahthebonner/.local/share/Steam/linux64/steamclient.so' OK.
Setting breakpad minidump AppID = 2940200
SteamInternal_SetMinidumpSteamID:  Caching Steam ID:  76561199838750767 [API loaded no]
[steam workshop] Modloader.Preload: running (already loaded assemblies: /home/noahthebonner/.local/share/Steam/steamapps/common/Haste Broken Worlds Demo/Haste_Data/Managed/mscorlib.dll, /home/noahthebonner/.local/share/Steam/steamapps/common/Haste Broken Worlds Demo/Haste_Data/Managed/Landfall.Modding.dll, /home/noahthebonner/.local/share/Steam/steamapps/common/Haste Broken Worlds Demo/Haste_Data/Managed/netstandard.dll, /home/noahthebonner/.local/share/Steam/steamapps/common/Haste Broken Worlds Demo/Haste_Data/Managed/com.rlabrecque.steamworks.net.dll, /home/noahthebonner/.local/share/Steam/steamapps/common/Haste Broken Worlds Demo/Haste_Data/Managed/System.Core.dll, /home/noahthebonner/.local/share/Steam/steamapps/common/Haste Broken Worlds Demo/Haste_Data/Managed/System.dll, /home/noahthebonner/.local/share/Steam/steamapps/common/Haste Broken Worlds Demo/Haste_Data/Managed/UnityEngine.CoreModule.dll)
[steam workshop] Assemblies loaded by preload: /home/noahthebonner/.local/share/Steam/steamapps/common/Haste Broken Worlds Demo/Haste_Data/Managed/UnityEngine.SharedInternalsModule.dll, /home/noahthebonner/.local/share/Steam/steamapps/common/Haste Broken Worlds Demo/Haste_Data/Managed/Mono.Cecil.dll
Desktop is 1920 x 1080 @ 60 Hz
[Vulkan init] extensions: count=20
[Vulkan init] extensions: name=VK_EXT_acquire_xlib_display [enabled=0, external=0]
[Vulkan init] extensions: name=VK_EXT_debug_report [enabled=0, external=0]
[Vulkan init] extensions: name=VK_EXT_debug_utils [enabled=0, external=0]
[Vulkan init] extensions: name=VK_EXT_direct_mode_display [enabled=0, external=0]
[Vulkan init] extensions: name=VK_EXT_display_surface_counter [enabled=0, external=0]
[Vulkan init] extensions: name=VK_EXT_swapchain_colorspace [enabled=1, external=0]
[Vulkan init] extensions: name=VK_KHR_device_group_creation [enabled=0, external=0]
[Vulkan init] extensions: name=VK_KHR_display [enabled=1, external=0]
[Vulkan init] extensions: name=VK_KHR_external_fence_capabilities [enabled=1, external=0]
[Vulkan init] extensions: name=VK_KHR_external_memory_capabilities [enabled=1, external=0]
[Vulkan init] extensions: name=VK_KHR_external_semaphore_capabilities [enabled=1, external=0]
[Vulkan init] extensions: name=VK_KHR_get_display_properties2 [enabled=0, external=0]
[Vulkan init] extensions: name=VK_KHR_get_physical_device_properties2 [enabled=1, external=0]
[Vulkan init] extensions: name=VK_KHR_get_surface_capabilities2 [enabled=0, external=0]
[Vulkan init] extensions: name=VK_KHR_portability_enumeration [enabled=0, external=0]
[Vulkan init] extensions: name=VK_KHR_surface [enabled=1, external=0]
[Vulkan init] extensions: name=VK_KHR_wayland_surface [enabled=1, external=0]
[Vulkan init] extensions: name=VK_KHR_xcb_surface [enabled=0, external=0]
[Vulkan init] extensions: name=VK_KHR_xlib_surface [enabled=1, external=0]
[Vulkan init] extensions: name=VK_LUNARG_direct_driver_loading [enabled=0, external=0]
Vulkan detection: 0
Initialize engine version: 2022.3.55f1 (9f374180d209)
[Subsystems] Discovering subsystems at path /home/noahthebonner/.local/share/Steam/steamapps/common/Haste Broken Worlds Demo/Haste_Data/UnitySubsystems
GfxDevice: creating device client; threaded=1; jobified=1
GfxDevice: creating device client; threaded=1; jobified=1
Renderer: Mesa Intel(R) Iris(R) Xe Graphics (TGL GT2)
Vendor:   Intel
Version:  4.6 (Core Profile) Mesa 25.0.5-arch1.1
GLES:     0
 GL_3DFX_texture_compression_FXT1 GL_AMD_conservative_depth GL_AMD_depth_clamp_separate GL_AMD_draw_buffers_blend GL_AMD_gpu_shader_int64 GL_AMD_multi_draw_indirect GL_AMD_performance_monitor GL_AMD_pinned_memory GL_AMD_query_buffer_object GL_AMD_seamless_cubemap_per_texture GL_AMD_shader_stencil_export GL_AMD_shader_trinary_minmax GL_AMD_texture_texture4 GL_AMD_vertex_shader_layer GL_AMD_vertex_shader_viewport_index GL_ANGLE_texture_compression_dxt3 GL_ANGLE_texture_compression_dxt5 GL_ARB_ES2_compatibility GL_ARB_ES3_1_compatibility GL_ARB_ES3_2_compatibility GL_ARB_ES3_compatibility GL_ARB_arrays_of_arrays GL_ARB_base_instance GL_ARB_blend_func_extended GL_ARB_buffer_storage GL_ARB_clear_buffer_object GL_ARB_clear_texture GL_ARB_clip_control GL_ARB_compressed_texture_pixel_storage GL_ARB_compute_shader GL_ARB_compute_variable_group_size GL_ARB_conditional_render_inverted GL_ARB_conservative_depth GL_ARB_copy_buffer GL_ARB_copy_image GL_ARB_cull_distance GL_ARB_debug_output GL_ARB_depth_buffer_float GL_ARB
_depth_clamp GL_ARB_derivative_control GL_ARB_direct_state_access GL_ARB_draw_buffers GL_ARB_draw_buffers_blend GL_ARB_draw_elements_base_vertex GL_ARB_draw_indirect GL_ARB_draw_instanced GL_ARB_enhanced_layouts GL_ARB_explicit_attrib_location GL_ARB_explicit_uniform_location GL_ARB_fragment_coord_conventions GL_ARB_fragment_layer_viewport GL_ARB_fragment_shader GL_ARB_fragment_shader_interlock GL_ARB_framebuffer_no_attachments GL_ARB_framebuffer_object GL_ARB_framebuffer_sRGB GL_ARB_get_program_binary GL_ARB_get_texture_sub_image GL_ARB_gl_spirv GL_ARB_gpu_shader5 GL_ARB_gpu_shader_fp64 GL_ARB_gpu_shader_int64 GL_ARB_half_float_pixel GL_ARB_half_float_vertex GL_ARB_indirect_parameters GL_ARB_instanced_arrays GL_ARB_internalformat_query GL_ARB_internalformat_query2 GL_ARB_invalidate_subdata GL_ARB_map_buffer_alignment GL_ARB_map_buffer_range GL_ARB_multi_bind GL_ARB_multi_draw_indirect GL_ARB_occlusion_query2 GL_ARB_parallel_shader_compile GL_ARB_pipeline_statistics_query GL_ARB_pixel_buffer_object GL_ARB_po
int_sprite GL_ARB_polygon_offset_clamp GL_ARB_post_depth_coverage GL_ARB_program_interface_query GL_ARB_provoking_vertex GL_ARB_query_buffer_object GL_ARB_robust_buffer_access_behavior GL_ARB_robustness GL_ARB_sample_shading GL_ARB_sampler_objects GL_ARB_seamless_cube_map GL_ARB_seamless_cubemap_per_texture GL_ARB_separate_shader_objects GL_ARB_shader_atomic_counter_ops GL_ARB_shader_atomic_counters GL_ARB_shader_ballot GL_ARB_shader_bit_encoding GL_ARB_shader_clock GL_ARB_shader_draw_parameters GL_ARB_shader_group_vote GL_ARB_shader_image_load_store GL_ARB_shader_image_size GL_ARB_shader_objects GL_ARB_shader_precision GL_ARB_shader_stencil_export GL_ARB_shader_storage_buffer_object GL_ARB_shader_subroutine GL_ARB_shader_texture_image_samples GL_ARB_shader_texture_lod GL_ARB_shader_viewport_layer_array GL_ARB_shading_language_420pack GL_ARB_shading_language_include GL_ARB_shading_language_packing GL_ARB_spirv_extensions GL_ARB_stencil_texturing GL_ARB_sync GL_ARB_tessellation_shader GL_ARB_texture_barrier G
L_ARB_texture_border_clamp GL_ARB_texture_buffer_object GL_ARB_texture_buffer_object_rgb32 GL_ARB_texture_buffer_range GL_ARB_texture_compression_bptc GL_ARB_texture_compression_rgtc GL_ARB_texture_cube_map_array GL_ARB_texture_filter_anisotropic GL_ARB_texture_float GL_ARB_texture_gather GL_ARB_texture_mirror_clamp_to_edge GL_ARB_texture_multisample GL_ARB_texture_non_power_of_two GL_ARB_texture_query_levels GL_ARB_texture_query_lod GL_ARB_texture_rectangle GL_ARB_texture_rg GL_ARB_texture_rgb10_a2ui GL_ARB_texture_stencil8 GL_ARB_texture_storage GL_ARB_texture_storage_multisample GL_ARB_texture_swizzle GL_ARB_texture_view GL_ARB_timer_query GL_ARB_transform_feedback2 GL_ARB_transform_feedback3 GL_ARB_transform_feedback_instanced GL_ARB_transform_feedback_overflow_query GL_ARB_uniform_buffer_object GL_ARB_vertex_array_bgra GL_ARB_vertex_array_object GL_ARB_vertex_attrib_64bit GL_ARB_vertex_attrib_binding GL_ARB_vertex_buffer_object GL_ARB_vertex_shader GL_ARB_vertex_type_10f_11f_11f_rev GL_ARB_vertex_type_2
_10_10_10_rev GL_ARB_viewport_array GL_ATI_blend_equation_separate GL_ATI_texture_float GL_EXT_EGL_image_storage GL_EXT_EGL_image_storage_compression GL_EXT_EGL_sync GL_EXT_abgr GL_EXT_blend_equation_separate GL_EXT_debug_label GL_EXT_demote_to_helper_invocation GL_EXT_depth_bounds_test GL_EXT_draw_buffers2 GL_EXT_draw_instanced GL_EXT_framebuffer_blit GL_EXT_framebuffer_multisample GL_EXT_framebuffer_multisample_blit_scaled GL_EXT_framebuffer_object GL_EXT_framebuffer_sRGB GL_EXT_memory_object GL_EXT_memory_object_fd GL_EXT_packed_depth_stencil GL_EXT_packed_float GL_EXT_pixel_buffer_object GL_EXT_polygon_offset_clamp GL_EXT_provoking_vertex GL_EXT_semaphore GL_EXT_semaphore_fd GL_EXT_shader_framebuffer_fetch GL_EXT_shader_framebuffer_fetch_non_coherent GL_EXT_shader_integer_mix GL_EXT_shader_samples_identical GL_EXT_texture_array GL_EXT_texture_compression_dxt1 GL_EXT_texture_compression_rgtc GL_EXT_texture_compression_s3tc GL_EXT_texture_filter_anisotropic GL_EXT_texture_integer GL_EXT_texture_sRGB GL_EXT
_texture_sRGB_R8 GL_EXT_texture_sRGB_decode GL_EXT_texture_shadow_lod GL_EXT_texture_shared_exponent GL_EXT_texture_snorm GL_EXT_texture_storage GL_EXT_texture_swizzle GL_EXT_timer_query GL_EXT_transform_feedback GL_EXT_vertex_array_bgra GL_EXT_vertex_attrib_64bit GL_IBM_multimode_draw_arrays GL_INTEL_blackhole_render GL_INTEL_conservative_rasterization GL_INTEL_performance_query GL_INTEL_shader_atomic_float_minmax GL_INTEL_shader_integer_functions2 GL_KHR_blend_equation_advanced GL_KHR_blend_equation_advanced_coherent GL_KHR_context_flush_control GL_KHR_debug GL_KHR_no_error GL_KHR_parallel_shader_compile GL_KHR_robust_buffer_access_behavior GL_KHR_robustness GL_KHR_texture_compression_astc_ldr GL_KHR_texture_compression_astc_sliced_3d GL_MESA_framebuffer_flip_y GL_MESA_pack_invert GL_MESA_shader_integer_functions GL_MESA_texture_const_bandwidth GL_MESA_texture_signed_rgba GL_NV_alpha_to_coverage_dither_control GL_NV_compute_shader_derivatives GL_NV_conditional_render GL_NV_copy_image GL_NV_depth_clamp GL_N
V_fragment_shader_interlock GL_NV_packed_depth_stencil GL_NV_texture_barrier GL_OES_EGL_image GL_S3_s3tc
OPENGL LOG: Creating OpenGL 4.6 graphics device ; Context level  <OpenGL 4.5> ; Context handle 33486784
Begin MonoManager ReloadAssembly
- Loaded All Assemblies, in  0.086 seconds
- Finished resetting the current domain, in  0.001 seconds
Default vsync count 0
requesting resize 1920 x 1080
Using native desktop resolution 1920 x 1080
requesting fullscreen 1920 x 1080 at 0/1 Hz
Desktop is 1920 x 1080 @ 60 Hz
[PhysX] Initialized MultithreadedTaskDispatcher with 8 workers.
UnloadTime: 0.615043 ms
Odin Serializer ArchitectureInfo initialization with defaults (all unaligned read/writes disabled).
Odin Serializer detected whitelisted runtime platform LinuxPlayer and memory read test succeeded; enabling all unaligned memory read/writes.
[PLATFORM] Init...
STEAM ACH INIT
Loaded file save.haste from steam cloud
Loaded save! 
{"LastHubworldPosition":{"hasValue":0},"Facts":[{"Key":"played_Demo_TutorialStart","Value":1.0},{"Key":"talked_to_keeper","Value":2.0},{"Key":"played_Demo_EnergyTutorial","Value":1.0}]} from save.haste
Failed to load setting of type FullscreenSetting from PlayerPrefs.
Failed to load setting of type VSyncSetting from PlayerPrefs.
Failed to load setting of type UpscalingSetting from PlayerPrefs.
Failed to load setting of type UpscalingQualitySetting from PlayerPrefs.
Failed to load setting of type ShadowSettings from PlayerPrefs.
Failed to load setting of type AmbientOcclusionSetting from PlayerPrefs.
Failed to load setting of type LodQualitySetting from PlayerPrefs.
Failed to load setting of type WorldQualitySetting from PlayerPrefs.
Failed to load setting of type MotionBlurSetting from PlayerPrefs.
Failed to load setting of type AntiAliasingSetting from PlayerPrefs.
Failed to load setting of type GrassSetting from PlayerPrefs.
Failed to load setting of type LightingQualitySetting from PlayerPrefs.
Failed to load setting of type OutlineSettings from PlayerPrefs.
Failed to load setting of type SmallShadowDistanceFactorSetting from PlayerPrefs.
Failed to load setting of type LevelDangerSetting from PlayerPrefs.
Failed to load setting of type ReplaceTreeShaderSetting from PlayerPrefs.
Failed to load setting of type MasterVolumeSetting from PlayerPrefs.
Failed to load setting of type MusicVolumeSetting from PlayerPrefs.
Failed to load setting of type SFXVolumeSetting from PlayerPrefs.
Failed to load setting of type VocalsVolumeSetting from PlayerPrefs.
Applying default locale: English (en)
Failed to load setting of type MouseSensitivitySetting from PlayerPrefs.
Failed to load setting of type GamepadSensitivitySetting from PlayerPrefs.
Initialized InputHandler
Loaded Muted Logs: 
Registering page: Console
Registering page: Hotkeys
Current platform: SteamPlatform
Locale: en - English (en)
Locale: de - German (de)
Locale: fr - French (fr)
Locale: it - Italian (it)
Locale: ru - Russian (ru)
Locale: zh - Chinese (Simplified) (zh)
Locale: ja - Japanese (ja)
Locale: pt-BR - Portuguese (Brazil) (pt-BR)
Locale: es-ES - Spanish (Spain) (es-ES)
Locale: no - Norwegian (no)
Locale: sv - Swedish (sv)
Registering page: Settings
Registering page: Facts
Registering page: Rebind controls
Registering page: Achievements
Registering page: Items
Registering page: Steam Workshop
Registering page: Steam Workshop Uploader
OnUserStatsReceived k_EResultFail
The referenced script (Unknown) on this Behaviour is missing!
The referenced script (Unknown) on this Behaviour is missing!
The referenced script on this Behaviour (Game Object 'SwitchObject') is missing!
The referenced script on this Behaviour (Game Object 'XboxObject') is missing!
Unloading 6 Unused Serialized files (Serialized files now loaded: 1)
[PhysX] Initialized MultithreadedTaskDispatcher with 8 workers.
UnloadTime: 5.718296 ms
COPY STAT
Unloading 91 unused Assets to reduce memory usage. Loaded Objects now: 4686.
Total: 5.650793 ms (FindLiveObjects: 0.204804 ms CreateObjectMapping: 0.121203 ms MarkObjects: 5.175633 ms  DeleteObjects: 0.148694 ms)

Transitioning to Stripes
The referenced script (Unknown) on this Behaviour is missing!
The referenced script (Unknown) on this Behaviour is missing!
The referenced script on this Behaviour (Game Object 'SwitchObject') is missing!
The referenced script on this Behaviour (Game Object 'XboxObject') is missing!
Unloading 6 Unused Serialized files (Serialized files now loaded: 1)
[PhysX] Initialized MultithreadedTaskDispatcher with 8 workers.
UnloadTime: 2.183097 ms
Unloading 108 unused Assets to reduce memory usage. Loaded Objects now: 24055.
Total: 4.326483 ms (FindLiveObjects: 0.926703 ms CreateObjectMapping: 0.268127 ms MarkObjects: 2.568724 ms  DeleteObjects: 0.562541 ms)

Setup Jiggle Bone Particles: 31 particles created from bones
Setup Jiggle Bone Particles: 9 particles created from bones
MainMenuMainPage has save: True
Found 3 buttons of type SettingTABSButton
Selected: GraphicsTab
Deselecting QuitButton
Memory Statistics:
[ALLOC_TEMP_TLS] TLS Allocator
  StackAllocators : 
    [ALLOC_TEMP_MAIN]
      Peak usage frame count: [0-1.0 KB]: 1081 frames, [1.0 KB-2.0 KB]: 5 frames, [4.0 KB-8.0 KB]: 1 frames, [32.0 KB-64.0 KB]: 2 frames, [64.0 KB-128.0 KB]: 95 frames, [256.0 KB-0.5 MB]: 3 frames, [1.0 MB-2.0 MB]: 1 frames, [2.0 MB-4.0 MB]: 1 frames, [4.0 MB-8.0 MB]: 1 frames
      Initial Block Size 4.0 MB
      Current Block Size 4.1 MB
      Peak Allocated Bytes 4.1 MB
      Overflow Count 0
    [ALLOC_TEMP_Loading.AsyncRead]
      Initial Block Size 64.0 KB
      Current Block Size 64.0 KB
      Peak Allocated Bytes 256 B
      Overflow Count 0
    [ALLOC_TEMP_Loading.PreloadManager]
      Initial Block Size 256.0 KB
      Current Block Size 0.5 MB
      Peak Allocated Bytes 367.2 KB
      Overflow Count 12758
    [ALLOC_TEMP_Background Job.Worker 8]
      Initial Block Size 32.0 KB
      Current Block Size 32.0 KB
      Peak Allocated Bytes 0 B
      Overflow Count 0
    [ALLOC_TEMP_Job.Worker 6]
      Initial Block Size 256.0 KB
      Current Block Size 256.0 KB
      Peak Allocated Bytes 24.9 KB
      Overflow Count 0
    [ALLOC_TEMP_Job.Worker 0]
      Initial Block Size 256.0 KB
      Current Block Size 256.0 KB
      Peak Allocated Bytes 17.3 KB
      Overflow Count 0
    [ALLOC_TEMP_Background Job.Worker 10]
      Initial Block Size 32.0 KB
      Current Block Size 32.0 KB
      Peak Allocated Bytes 0 B
      Overflow Count 0
    [ALLOC_TEMP_Background Job.Worker 9]
      Initial Block Size 32.0 KB
      Current Block Size 32.0 KB
      Peak Allocated Bytes 0 B
      Overflow Count 0
    [ALLOC_TEMP_Job.Worker 5]
      Initial Block Size 256.0 KB
      Current Block Size 256.0 KB
      Peak Allocated Bytes 162.9 KB
      Overflow Count 0
    [ALLOC_TEMP_Background Job.Worker 14]
      Initial Block Size 32.0 KB
      Current Block Size 32.0 KB
      Peak Allocated Bytes 0 B
      Overflow Count 0
    [ALLOC_TEMP_Background Job.Worker 6]
      Initial Block Size 32.0 KB
      Current Block Size 32.0 KB
      Peak Allocated Bytes 0 B
      Overflow Count 0
    [ALLOC_TEMP_Job.Worker 4]
      Initial Block Size 256.0 KB
      Current Block Size 256.0 KB
      Peak Allocated Bytes 52.0 KB
      Overflow Count 0
    [ALLOC_TEMP_Job.Worker 3]
      Initial Block Size 256.0 KB
      Current Block Size 256.0 KB
      Peak Allocated Bytes 53.9 KB
      Overflow Count 0
    [ALLOC_TEMP_Background Job.Worker 12]
      Initial Block Size 32.0 KB
      Current Block Size 32.0 KB
      Peak Allocated Bytes 0 B
      Overflow Count 0
    [ALLOC_TEMP_EnlightenWorker] x 2
      Initial Block Size 64.0 KB
      Current Block Size 64.0 KB
      Peak Allocated Bytes 0 B
      Overflow Count 0
    [ALLOC_TEMP_Background Job.Worker 15]
      Initial Block Size 32.0 KB
      Current Block Size 32.0 KB
      Peak Allocated Bytes 0 B
      Overflow Count 0
    [ALLOC_TEMP_Background Job.Worker 1]
      Initial Block Size 32.0 KB
      Current Block Size 36.0 KB
      Peak Allocated Bytes 35.1 KB
      Overflow Count 0
    [ALLOC_TEMP_Background Job.Worker 2]
      Initial Block Size 32.0 KB
      Current Block Size 36.0 KB
      Peak Allocated Bytes 32.0 KB
      Overflow Count 0
    [ALLOC_TEMP_Background Job.Worker 7]
      Initial Block Size 32.0 KB
      Current Block Size 32.0 KB
      Peak Allocated Bytes 0 B
      Overflow Count 0
    [ALLOC_TEMP_UnityGfxDeviceWorker]
      Initial Block Size 256.0 KB
      Current Block Size 256.0 KB
      Peak Allocated Bytes 85.6 KB
      Overflow Count 0
    [ALLOC_TEMP_AssetGarbageCollectorHelper] x 7
      Initial Block Size 64.0 KB
      Current Block Size 64.0 KB
      Peak Allocated Bytes 0 B
      Overflow Count 0
    [ALLOC_TEMP_Background Job.Worker 5]
      Initial Block Size 32.0 KB
      Current Block Size 32.0 KB
      Peak Allocated Bytes 0 B
      Overflow Count 0
    [ALLOC_TEMP_Background Job.Worker 13]
      Initial Block Size 32.0 KB
      Current Block Size 32.0 KB
      Peak Allocated Bytes 0 B
      Overflow Count 0
    [ALLOC_TEMP_Job.Worker 1]
      Initial Block Size 256.0 KB
      Current Block Size 256.0 KB
      Peak Allocated Bytes 45.4 KB
      Overflow Count 0
    [ALLOC_TEMP_Job.Worker 2]
      Initial Block Size 256.0 KB
      Current Block Size 300.0 KB
      Peak Allocated Bytes 272.6 KB
      Overflow Count 0
    [ALLOC_TEMP_Background Job.Worker 3]
      Initial Block Size 32.0 KB
      Current Block Size 32.0 KB
      Peak Allocated Bytes 0 B
      Overflow Count 0
    [ALLOC_TEMP_Background Job.Worker 11]
      Initial Block Size 32.0 KB
      Current Block Size 32.0 KB
      Peak Allocated Bytes 0 B
      Overflow Count 0
    [ALLOC_TEMP_Background Job.Worker 0]
      Initial Block Size 32.0 KB
      Current Block Size 32.0 KB
      Peak Allocated Bytes 0 B
      Overflow Count 0
    [ALLOC_TEMP_Background Job.Worker 4]
      Initial Block Size 32.0 KB
      Current Block Size 32.0 KB
      Peak Allocated Bytes 0 B
      Overflow Count 0
    [ALLOC_TEMP_BatchDeleteObjects]
      Initial Block Size 64.0 KB
      Current Block Size 64.0 KB
      Peak Allocated Bytes 0 B
      Overflow Count 0
[ALLOC_DEFAULT] Dual Thread Allocator
  Peak main deferred allocation count 1584
    [ALLOC_BUCKET]
      Large Block size 4.0 MB
      Used Block count 1
      Peak Allocated bytes 4.0 MB
      Failed Allocations. Bucket layout:
        16B: 27 Subsections = 27648 buckets. Failed count: 52364
        32B: 22 Subsections = 11264 buckets. Failed count: 18509
        48B: 19 Subsections = 6485 buckets. Failed count: 41033
        64B: 149 Subsections = 38144 buckets. Failed count: 35390
        80B: 29 Subsections = 5939 buckets. Failed count: 3283
        96B: 4 Subsections = 682 buckets. Failed count: 7807
        112B: 3 Subsections = 438 buckets. Failed count: 25840
        128B: 3 Subsections = 384 buckets. Failed count: 14801
    [ALLOC_DEFAULT_MAIN]
      Peak usage frame count: [16.0 MB-32.0 MB]: 1 frames, [32.0 MB-64.0 MB]: 1101 frames, [64.0 MB-128.0 MB]: 88 frames
      Requested Block Size 16.0 MB
      Peak Block count 3
      Peak Allocated memory 76.9 MB
      Peak Large allocation bytes 41.5 MB
    [ALLOC_DEFAULT_THREAD]
      Peak usage frame count: [16.0 MB-32.0 MB]: 1189 frames, [64.0 MB-128.0 MB]: 1 frames
      Requested Block Size 16.0 MB
      Peak Block count 1
      Peak Allocated memory 107.8 MB
      Peak Large allocation bytes 96.0 MB
[ALLOC_TEMP_JOB_1_FRAME]
  Initial Block Size 2.0 MB
  Used Block Count 0
  Overflow Count (too large) 0
  Overflow Count (full) 0
[ALLOC_TEMP_JOB_2_FRAMES]
  Initial Block Size 2.0 MB
  Used Block Count 0
  Overflow Count (too large) 0
  Overflow Count (full) 0
[ALLOC_TEMP_JOB_4_FRAMES (JobTemp)]
  Initial Block Size 2.0 MB
  Used Block Count 1
  Overflow Count (too large) 0
  Overflow Count (full) 0
[ALLOC_TEMP_JOB_ASYNC (Background)]
  Initial Block Size 1.0 MB
  Used Block Count 1
  Overflow Count (too large) 0
  Overflow Count (full) 0
[ALLOC_GFX] Dual Thread Allocator
  Peak main deferred allocation count 4
    [ALLOC_BUCKET]
      Large Block size 4.0 MB
      Used Block count 1
      Peak Allocated bytes 4.0 MB
      Failed Allocations. Bucket layout:
        16B: 27 Subsections = 27648 buckets. Failed count: 52364
        32B: 22 Subsections = 11264 buckets. Failed count: 18509
        48B: 19 Subsections = 6485 buckets. Failed count: 41033
        64B: 149 Subsections = 38144 buckets. Failed count: 35390
        80B: 29 Subsections = 5939 buckets. Failed count: 3283
        96B: 4 Subsections = 682 buckets. Failed count: 7807
        112B: 3 Subsections = 438 buckets. Failed count: 25840
        128B: 3 Subsections = 384 buckets. Failed count: 14801
    [ALLOC_GFX_MAIN]
      Peak usage frame count: [64.0 KB-128.0 KB]: 1 frames, [16.0 MB-32.0 MB]: 1189 frames
      Requested Block Size 16.0 MB
      Peak Block count 1
      Peak Allocated memory 20.4 MB
      Peak Large allocation bytes 16.0 MB
    [ALLOC_GFX_THREAD]
      Peak usage frame count: [128.0 KB-256.0 KB]: 1 frames, [16.0 MB-32.0 MB]: 1091 frames, [32.0 MB-64.0 MB]: 98 frames
      Requested Block Size 16.0 MB
      Peak Block count 2
      Peak Allocated memory 53.4 MB
      Peak Large allocation bytes 34.0 MB
[ALLOC_CACHEOBJECTS] Dual Thread Allocator
  Peak main deferred allocation count 89
    [ALLOC_BUCKET]
      Large Block size 4.0 MB
      Used Block count 1
      Peak Allocated bytes 4.0 MB
      Failed Allocations. Bucket layout:
        16B: 27 Subsections = 27648 buckets. Failed count: 52364
        32B: 22 Subsections = 11264 buckets. Failed count: 18509
        48B: 19 Subsections = 6485 buckets. Failed count: 41033
        64B: 149 Subsections = 38144 buckets. Failed count: 35390
        80B: 29 Subsections = 5939 buckets. Failed count: 3283
        96B: 4 Subsections = 682 buckets. Failed count: 7807
        112B: 3 Subsections = 438 buckets. Failed count: 25840
        128B: 3 Subsections = 384 buckets. Failed count: 14801
    [ALLOC_CACHEOBJECTS_MAIN]
      Peak usage frame count: [8.0 MB-16.0 MB]: 1 frames, [16.0 MB-32.0 MB]: 1188 frames, [32.0 MB-64.0 MB]: 1 frames
      Requested Block Size 4.0 MB
      Peak Block count 5
      Peak Allocated memory 54.5 MB
      Peak Large allocation bytes 38.9 MB
    [ALLOC_CACHEOBJECTS_THREAD]
      Peak usage frame count: [0.5 MB-1.0 MB]: 1 frames, [32.0 MB-64.0 MB]: 1091 frames, [64.0 MB-128.0 MB]: 97 frames, [128.0 MB-256.0 MB]: 1 frames
      Requested Block Size 4.0 MB
      Peak Block count 27
      Peak Allocated memory 155.2 MB
      Peak Large allocation bytes 54.0 MB
[ALLOC_TYPETREE] Dual Thread Allocator
  Peak main deferred allocation count 0
    [ALLOC_BUCKET]
      Large Block size 4.0 MB
      Used Block count 1
      Peak Allocated bytes 4.0 MB
      Failed Allocations. Bucket layout:
        16B: 27 Subsections = 27648 buckets. Failed count: 52364
        32B: 22 Subsections = 11264 buckets. Failed count: 18509
        48B: 19 Subsections = 6485 buckets. Failed count: 41033
        64B: 149 Subsections = 38144 buckets. Failed count: 35390
        80B: 29 Subsections = 5939 buckets. Failed count: 3283
        96B: 4 Subsections = 682 buckets. Failed count: 7807
        112B: 3 Subsections = 438 buckets. Failed count: 25840
        128B: 3 Subsections = 384 buckets. Failed count: 14801
    [ALLOC_TYPETREE_MAIN]
      Peak usage frame count: [16.0 KB-32.0 KB]: 1 frames, [32.0 KB-64.0 KB]: 1189 frames
      Requested Block Size 2.0 MB
      Peak Block count 1
      Peak Allocated memory 62.7 KB
      Peak Large allocation bytes 0 B
    [ALLOC_TYPETREE_THREAD]
      Peak usage frame count: [4.0 KB-8.0 KB]: 1 frames, [16.0 KB-32.0 KB]: 1091 frames, [64.0 KB-128.0 KB]: 98 frames
      Requested Block Size 2.0 MB
      Peak Block count 1
      Peak Allocated memory 70.3 KB
      Peak Large allocation bytes 0 B
