2025-04-03 14:50:15.622 [info] Getting Manifest... dbaeumer.vscode-eslint
2025-04-03 14:50:16.508 [info] Installing extension: dbaeumer.vscode-eslint {"isMachineScoped":false,"installPreReleaseVersion":false,"pinned":false,"profileLocation":{"$mid":1,"external":"vscode-userdata:/home/noahthebonner/.vscode-oss/extensions/extensions.json","path":"/home/noahthebonner/.vscode-oss/extensions/extensions.json","scheme":"vscode-userdata"},"isApplicationScoped":false,"productVersion":{"version":"1.98.2","date":"2025-03-19T00:33:41.056Z"}}
2025-04-03 14:50:16.969 [info] Extracted extension to file:///home/noahthebonner/.vscode-oss/extensions/dbaeumer.vscode-eslint-3.0.10-universal: dbaeumer.vscode-eslint
2025-04-03 14:50:16.991 [info] Renamed to /home/noahthebonner/.vscode-oss/extensions/dbaeumer.vscode-eslint-3.0.10-universal
2025-04-03 14:50:17.006 [info] Extension installed successfully: dbaeumer.vscode-eslint vscode-userdata:/home/noahthebonner/.vscode-oss/extensions/extensions.json
2025-04-03 14:55:47.670 [info] Getting Manifest... esbenp.prettier-vscode
2025-04-03 14:55:48.800 [info] Installing extension: esbenp.prettier-vscode {"isMachineScoped":false,"installPreReleaseVersion":false,"pinned":false,"profileLocation":{"$mid":1,"external":"vscode-userdata:/home/noahthebonner/.vscode-oss/extensions/extensions.json","path":"/home/noahthebonner/.vscode-oss/extensions/extensions.json","scheme":"vscode-userdata"},"isApplicationScoped":false,"productVersion":{"version":"1.98.2","date":"2025-03-19T00:33:41.056Z"}}
2025-04-03 14:55:49.754 [info] Extracted extension to file:///home/noahthebonner/.vscode-oss/extensions/esbenp.prettier-vscode-11.0.0-universal: esbenp.prettier-vscode
2025-04-03 14:55:49.776 [info] Renamed to /home/noahthebonner/.vscode-oss/extensions/esbenp.prettier-vscode-11.0.0-universal
2025-04-03 14:55:49.786 [info] Extension installed successfully: esbenp.prettier-vscode vscode-userdata:/home/noahthebonner/.vscode-oss/extensions/extensions.json
2025-04-03 14:58:58.940 [info] Getting Manifest... christian-kohler.path-intellisense
2025-04-03 14:58:59.842 [info] Installing extension: christian-kohler.path-intellisense {"isMachineScoped":false,"installPreReleaseVersion":false,"pinned":false,"profileLocation":{"$mid":1,"external":"vscode-userdata:/home/noahthebonner/.vscode-oss/extensions/extensions.json","path":"/home/noahthebonner/.vscode-oss/extensions/extensions.json","scheme":"vscode-userdata"},"isApplicationScoped":false,"productVersion":{"version":"1.98.2","date":"2025-03-19T00:33:41.056Z"}}
2025-04-03 14:59:00.537 [info] Extracted extension to file:///home/noahthebonner/.vscode-oss/extensions/christian-kohler.path-intellisense-2.8.0-universal: christian-kohler.path-intellisense
2025-04-03 14:59:00.561 [info] Renamed to /home/noahthebonner/.vscode-oss/extensions/christian-kohler.path-intellisense-2.8.0-universal
2025-04-03 14:59:00.568 [info] Extension installed successfully: christian-kohler.path-intellisense vscode-userdata:/home/noahthebonner/.vscode-oss/extensions/extensions.json
2025-04-03 14:59:23.596 [info] Getting Manifest... coenraads.bracket-pair-colorizer-2
2025-04-03 14:59:23.912 [info] Installing extension: coenraads.bracket-pair-colorizer-2 {"isMachineScoped":false,"installPreReleaseVersion":false,"pinned":false,"profileLocation":{"$mid":1,"external":"vscode-userdata:/home/noahthebonner/.vscode-oss/extensions/extensions.json","path":"/home/noahthebonner/.vscode-oss/extensions/extensions.json","scheme":"vscode-userdata"},"isApplicationScoped":false,"productVersion":{"version":"1.98.2","date":"2025-03-19T00:33:41.056Z"}}
2025-04-03 14:59:24.626 [info] Extracted extension to file:///home/noahthebonner/.vscode-oss/extensions/coenraads.bracket-pair-colorizer-2-0.1.4-universal: coenraads.bracket-pair-colorizer-2
2025-04-03 14:59:24.649 [info] Renamed to /home/noahthebonner/.vscode-oss/extensions/coenraads.bracket-pair-colorizer-2-0.1.4-universal
2025-04-03 14:59:24.665 [info] Extension installed successfully: coenraads.bracket-pair-colorizer-2 vscode-userdata:/home/noahthebonner/.vscode-oss/extensions/extensions.json
2025-04-03 15:00:17.397 [info] Getting Manifest... ms-toolsai.jupyter
2025-04-03 15:00:17.681 [info] Installing extension: ms-toolsai.jupyter {"isMachineScoped":false,"installPreReleaseVersion":false,"pinned":false,"profileLocation":{"$mid":1,"external":"vscode-userdata:/home/noahthebonner/.vscode-oss/extensions/extensions.json","path":"/home/noahthebonner/.vscode-oss/extensions/extensions.json","scheme":"vscode-userdata"},"isApplicationScoped":false,"productVersion":{"version":"1.98.2","date":"2025-03-19T00:33:41.056Z"}}
2025-04-03 15:00:18.015 [info] Getting Manifest... ms-toolsai.jupyter-renderers
2025-04-03 15:00:18.285 [info] Getting Manifest... ms-toolsai.jupyter-keymap
2025-04-03 15:00:18.592 [info] Getting Manifest... ms-toolsai.vscode-jupyter-cell-tags
2025-04-03 15:00:18.899 [info] Getting Manifest... ms-toolsai.vscode-jupyter-slideshow
2025-04-03 15:00:19.225 [info] Installing extension: ms-toolsai.jupyter-renderers {"isMachineScoped":false,"installPreReleaseVersion":false,"pinned":false,"profileLocation":{"$mid":1,"external":"vscode-userdata:/home/noahthebonner/.vscode-oss/extensions/extensions.json","path":"/home/noahthebonner/.vscode-oss/extensions/extensions.json","scheme":"vscode-userdata"},"isApplicationScoped":false,"productVersion":{"version":"1.98.2","date":"2025-03-19T00:33:41.056Z"},"context":{"dependecyOrPackExtensionInstall":true}}
2025-04-03 15:00:19.225 [info] Installing extension: ms-toolsai.jupyter-keymap {"isMachineScoped":false,"installPreReleaseVersion":false,"pinned":false,"profileLocation":{"$mid":1,"external":"vscode-userdata:/home/noahthebonner/.vscode-oss/extensions/extensions.json","path":"/home/noahthebonner/.vscode-oss/extensions/extensions.json","scheme":"vscode-userdata"},"isApplicationScoped":false,"productVersion":{"version":"1.98.2","date":"2025-03-19T00:33:41.056Z"},"context":{"dependecyOrPackExtensionInstall":true}}
2025-04-03 15:00:19.225 [info] Installing extension: ms-toolsai.vscode-jupyter-cell-tags {"isMachineScoped":false,"installPreReleaseVersion":false,"pinned":false,"profileLocation":{"$mid":1,"external":"vscode-userdata:/home/noahthebonner/.vscode-oss/extensions/extensions.json","path":"/home/noahthebonner/.vscode-oss/extensions/extensions.json","scheme":"vscode-userdata"},"isApplicationScoped":false,"productVersion":{"version":"1.98.2","date":"2025-03-19T00:33:41.056Z"},"context":{"dependecyOrPackExtensionInstall":true}}
2025-04-03 15:00:19.225 [info] Installing extension: ms-toolsai.vscode-jupyter-slideshow {"isMachineScoped":false,"installPreReleaseVersion":false,"pinned":false,"profileLocation":{"$mid":1,"external":"vscode-userdata:/home/noahthebonner/.vscode-oss/extensions/extensions.json","path":"/home/noahthebonner/.vscode-oss/extensions/extensions.json","scheme":"vscode-userdata"},"isApplicationScoped":false,"productVersion":{"version":"1.98.2","date":"2025-03-19T00:33:41.056Z"},"context":{"dependecyOrPackExtensionInstall":true}}
2025-04-03 15:00:19.869 [info] Extracted extension to file:///home/noahthebonner/.vscode-oss/extensions/ms-toolsai.jupyter-keymap-1.1.2-universal: ms-toolsai.jupyter-keymap
2025-04-03 15:00:19.872 [info] Renamed to /home/noahthebonner/.vscode-oss/extensions/ms-toolsai.jupyter-keymap-1.1.2-universal
2025-04-03 15:00:19.955 [info] Extracted extension to file:///home/noahthebonner/.vscode-oss/extensions/ms-toolsai.vscode-jupyter-slideshow-0.1.6-universal: ms-toolsai.vscode-jupyter-slideshow
2025-04-03 15:00:19.976 [info] Renamed to /home/noahthebonner/.vscode-oss/extensions/ms-toolsai.vscode-jupyter-slideshow-0.1.6-universal
2025-04-03 15:00:20.694 [info] Extracted extension to file:///home/noahthebonner/.vscode-oss/extensions/ms-toolsai.vscode-jupyter-cell-tags-0.1.9-universal: ms-toolsai.vscode-jupyter-cell-tags
2025-04-03 15:00:20.715 [info] Renamed to /home/noahthebonner/.vscode-oss/extensions/ms-toolsai.vscode-jupyter-cell-tags-0.1.9-universal
2025-04-03 15:00:22.090 [info] Extracted extension to file:///home/noahthebonner/.vscode-oss/extensions/ms-toolsai.jupyter-2025.2.0-universal: ms-toolsai.jupyter
2025-04-03 15:00:22.129 [info] Renamed to /home/noahthebonner/.vscode-oss/extensions/ms-toolsai.jupyter-2025.2.0-universal
2025-04-03 15:00:26.598 [info] Extracted extension to file:///home/noahthebonner/.vscode-oss/extensions/ms-toolsai.jupyter-renderers-1.1.0-universal: ms-toolsai.jupyter-renderers
2025-04-03 15:00:26.621 [info] Renamed to /home/noahthebonner/.vscode-oss/extensions/ms-toolsai.jupyter-renderers-1.1.0-universal
2025-04-03 15:00:26.634 [info] Extension installed successfully: ms-toolsai.jupyter-keymap vscode-userdata:/home/noahthebonner/.vscode-oss/extensions/extensions.json
2025-04-03 15:00:26.635 [info] Extension installed successfully: ms-toolsai.vscode-jupyter-slideshow vscode-userdata:/home/noahthebonner/.vscode-oss/extensions/extensions.json
2025-04-03 15:00:26.635 [info] Extension installed successfully: ms-toolsai.vscode-jupyter-cell-tags vscode-userdata:/home/noahthebonner/.vscode-oss/extensions/extensions.json
2025-04-03 15:00:26.635 [info] Extension installed successfully: ms-toolsai.jupyter vscode-userdata:/home/noahthebonner/.vscode-oss/extensions/extensions.json
2025-04-03 15:00:26.635 [info] Extension installed successfully: ms-toolsai.jupyter-renderers vscode-userdata:/home/noahthebonner/.vscode-oss/extensions/extensions.json
2025-04-03 15:00:46.640 [info] Getting Manifest... yandeu.five-server
2025-04-03 15:00:46.836 [info] Installing extension: yandeu.five-server {"isMachineScoped":false,"installPreReleaseVersion":false,"pinned":false,"profileLocation":{"$mid":1,"external":"vscode-userdata:/home/noahthebonner/.vscode-oss/extensions/extensions.json","path":"/home/noahthebonner/.vscode-oss/extensions/extensions.json","scheme":"vscode-userdata"},"isApplicationScoped":false,"productVersion":{"version":"1.98.2","date":"2025-03-19T00:33:41.056Z"}}
2025-04-03 15:00:47.465 [info] Extracted extension to file:///home/noahthebonner/.vscode-oss/extensions/yandeu.five-server-0.3.4-universal: yandeu.five-server
2025-04-03 15:00:47.489 [info] Renamed to /home/noahthebonner/.vscode-oss/extensions/yandeu.five-server-0.3.4-universal
2025-04-03 15:00:47.500 [info] Extension installed successfully: yandeu.five-server vscode-userdata:/home/noahthebonner/.vscode-oss/extensions/extensions.json
2025-04-03 15:01:00.799 [info] Getting Manifest... eamodio.gitlens
2025-04-03 15:01:01.205 [info] Installing extension: eamodio.gitlens {"isMachineScoped":false,"installPreReleaseVersion":false,"pinned":false,"profileLocation":{"$mid":1,"external":"vscode-userdata:/home/noahthebonner/.vscode-oss/extensions/extensions.json","path":"/home/noahthebonner/.vscode-oss/extensions/extensions.json","scheme":"vscode-userdata"},"isApplicationScoped":false,"productVersion":{"version":"1.98.2","date":"2025-03-19T00:33:41.056Z"}}
2025-04-03 15:01:02.732 [info] Extracted extension to file:///home/noahthebonner/.vscode-oss/extensions/eamodio.gitlens-17.0.0-universal: eamodio.gitlens
2025-04-03 15:01:02.766 [info] Renamed to /home/noahthebonner/.vscode-oss/extensions/eamodio.gitlens-17.0.0-universal
2025-04-03 15:01:02.797 [info] Extension installed successfully: eamodio.gitlens vscode-userdata:/home/noahthebonner/.vscode-oss/extensions/extensions.json
2025-04-03 15:02:17.827 [info] Getting Manifest... pkief.material-icon-theme
2025-04-03 15:02:18.483 [info] Installing extension: pkief.material-icon-theme {"isMachineScoped":false,"installPreReleaseVersion":false,"pinned":false,"profileLocation":{"$mid":1,"external":"vscode-userdata:/home/noahthebonner/.vscode-oss/extensions/extensions.json","path":"/home/noahthebonner/.vscode-oss/extensions/extensions.json","scheme":"vscode-userdata"},"isApplicationScoped":false,"productVersion":{"version":"1.98.2","date":"2025-03-19T00:33:41.056Z"}}
2025-04-03 15:02:19.084 [info] Extracted extension to file:///home/noahthebonner/.vscode-oss/extensions/pkief.material-icon-theme-5.21.0-universal: pkief.material-icon-theme
2025-04-03 15:02:19.119 [info] Renamed to /home/noahthebonner/.vscode-oss/extensions/pkief.material-icon-theme-5.21.0-universal
2025-04-03 15:02:19.166 [info] Extension installed successfully: pkief.material-icon-theme vscode-userdata:/home/noahthebonner/.vscode-oss/extensions/extensions.json
2025-04-03 15:02:31.537 [info] Getting Manifest... johnpapa.vscode-peacock
2025-04-03 15:02:31.796 [info] Installing extension: johnpapa.vscode-peacock {"isMachineScoped":false,"installPreReleaseVersion":false,"pinned":false,"profileLocation":{"$mid":1,"external":"vscode-userdata:/home/noahthebonner/.vscode-oss/extensions/extensions.json","path":"/home/noahthebonner/.vscode-oss/extensions/extensions.json","scheme":"vscode-userdata"},"isApplicationScoped":false,"productVersion":{"version":"1.98.2","date":"2025-03-19T00:33:41.056Z"}}
2025-04-03 15:02:32.142 [info] Extracted extension to file:///home/noahthebonner/.vscode-oss/extensions/johnpapa.vscode-peacock-4.2.2-universal: johnpapa.vscode-peacock
2025-04-03 15:02:32.148 [info] Renamed to /home/noahthebonner/.vscode-oss/extensions/johnpapa.vscode-peacock-4.2.2-universal
2025-04-03 15:02:32.163 [info] Extension installed successfully: johnpapa.vscode-peacock vscode-userdata:/home/noahthebonner/.vscode-oss/extensions/extensions.json
2025-04-03 15:02:51.782 [info] Getting Manifest... adpyke.codesnap
2025-04-03 15:02:52.074 [info] Installing extension: adpyke.codesnap {"isMachineScoped":false,"installPreReleaseVersion":false,"pinned":false,"profileLocation":{"$mid":1,"external":"vscode-userdata:/home/noahthebonner/.vscode-oss/extensions/extensions.json","path":"/home/noahthebonner/.vscode-oss/extensions/extensions.json","scheme":"vscode-userdata"},"isApplicationScoped":false,"productVersion":{"version":"1.98.2","date":"2025-03-19T00:33:41.056Z"}}
2025-04-03 15:02:53.057 [info] Extracted extension to file:///home/noahthebonner/.vscode-oss/extensions/adpyke.codesnap-1.3.4-universal: adpyke.codesnap
2025-04-03 15:02:53.103 [info] Renamed to /home/noahthebonner/.vscode-oss/extensions/adpyke.codesnap-1.3.4-universal
2025-04-03 15:02:53.121 [info] Extension installed successfully: adpyke.codesnap vscode-userdata:/home/noahthebonner/.vscode-oss/extensions/extensions.json
2025-04-03 15:03:09.676 [info] Getting Manifest... tabnine.tabnine-vscode
2025-04-03 15:03:09.970 [info] Installing extension: tabnine.tabnine-vscode {"isMachineScoped":false,"installPreReleaseVersion":false,"pinned":false,"profileLocation":{"$mid":1,"external":"vscode-userdata:/home/noahthebonner/.vscode-oss/extensions/extensions.json","path":"/home/noahthebonner/.vscode-oss/extensions/extensions.json","scheme":"vscode-userdata"},"isApplicationScoped":false,"productVersion":{"version":"1.98.2","date":"2025-03-19T00:33:41.056Z"}}
2025-04-03 15:03:10.519 [info] Extracted extension to file:///home/noahthebonner/.vscode-oss/extensions/tabnine.tabnine-vscode-3.251.0-universal: tabnine.tabnine-vscode
2025-04-03 15:03:10.542 [info] Renamed to /home/noahthebonner/.vscode-oss/extensions/tabnine.tabnine-vscode-3.251.0-universal
2025-04-03 15:03:10.561 [info] Extension installed successfully: tabnine.tabnine-vscode vscode-userdata:/home/noahthebonner/.vscode-oss/extensions/extensions.json
